00:16:26 - ERR - getRecords - (OperationalError('connection to server at "localhost" (::1), port 5439 failed: server closed the connection unexpectedly\n\tThis probably means the server terminated abnormally\n\tbefore or while processing the request.\n'),)
00:16:26 - ERR - Login - ('Error al Buscar login de usuario',)
00:33:13 - ERR - getRecords - (OperationalError('connection to server at "localhost" (::1), port 5439 failed: server closed the connection unexpectedly\n\tThis probably means the server terminated abnormally\n\tbefore or while processing the request.\n'),)
00:33:13 - ERR - Login - ('Error al Buscar login de usuario',)
00:33:43 - ERR - getRecords - (OperationalError('connection to server at "localhost" (::1), port 5432 failed: Connection refused (0x0000274D/10061)\n\tIs the server running on that host and accepting TCP/IP connections?\nconnection to server at "localhost" (127.0.0.1), port 5432 failed: Connection refused (0x0000274D/10061)\n\tIs the server running on that host and accepting TCP/IP connections?\n'),)
00:33:43 - ERR - Login - ('Error al Buscar login de usuario',)
02:05:18 - ERR - Login - (TypeError("'>' not supported between instances of 'RealDictRow' and 'int'"),)
22:06:31 - ERR - post - (TypeError("object of type 'NoneType' has no len()"),)
22:10:12 - ERR - Login - (KeyError(0),)
22:57:39 - ERR - post - (AttributeError("type object 'SignupComponent' has no attribute 'Signup'"),)
22:59:42 - ERR - getRecords - (TypeError('not all arguments converted during string formatting'),)
22:59:42 - ERR - validar - ('No se encontro un usuario registrado en la Senescy - Validar',)
22:59:42 - ERR - signup - ('Error al recibir los datos de la cedula verificada - signup',)
23:06:11 - ERR - getRecords - (TypeError('not all arguments converted during string formatting'),)
23:06:11 - ERR - validar - ('No se encontro un usuario registrado en la Senescy - Validar',)
23:06:11 - ERR - signup - ('Error al recibir los datos de la cedula verificada - signup',)
23:21:31 - ERR - getRecords - (TypeError('not all arguments converted during string formatting'),)
23:21:31 - ERR - validar - ('No se encontro un usuario registrado en la Senescy - Validar',)
23:21:31 - ERR - post - (TypeError('can only concatenate str (not "AttributeError") to str'),)
23:22:06 - ERR - getRecords - (TypeError('not all arguments converted during string formatting'),)
23:22:06 - ERR - validar - ('No se encontro un usuario registrado en la Senescy - Validar',)
23:22:06 - ERR - post - (TypeError('can only concatenate str (not "AttributeError") to str'),)
23:22:24 - ERR - getRecords - (TypeError('not all arguments converted during string formatting'),)
23:22:24 - ERR - validar - ('No se encontro un usuario registrado en la Senescy - Validar',)
23:22:24 - ERR - post - (TypeError('can only concatenate str (not "TypeError") to str'),)
23:22:47 - ERR - getRecords - (TypeError('not all arguments converted during string formatting'),)
23:22:47 - ERR - validar - ('No se encontro un usuario registrado en la Senescy - Validar',)
23:22:47 - ERR - post - (TypeError('can only concatenate str (not "TypeError") to str'),)
23:23:47 - ERR - getRecords - (TypeError('not all arguments converted during string formatting'),)
23:23:47 - ERR - validar - ('No se encontro un usuario registrado en la Senescy - Validar',)
23:23:47 - ERR - post - (TypeError('can only concatenate str (not "TypeError") to str'),)
23:24:12 - ERR - getRecords - (TypeError('not all arguments converted during string formatting'),)
23:24:12 - ERR - validar - ('No se encontro un usuario registrado en la Senescy - Validar',)
23:24:12 - ERR - post - (TypeError('can only concatenate str (not "TypeError") to str'),)
23:24:32 - ERR - getRecords - (TypeError('not all arguments converted during string formatting'),)
23:24:32 - ERR - validar - ('No se encontro un usuario registrado en la Senescy - Validar',)
23:24:32 - ERR - post - (TypeError('can only concatenate str (not "AttributeError") to str'),)
23:26:31 - ERR - getRecords - (TypeError('not all arguments converted during string formatting'),)
23:26:31 - ERR - validar - ('No se encontro un usuario registrado en la Senescy - Validar',)
23:26:31 - ERR - post - (TypeError('can only concatenate str (not "AttributeError") to str'),)
23:28:13 - ERR - getRecords - (TypeError('not all arguments converted during string formatting'),)
23:28:13 - ERR - validar - ('No se encontro un usuario registrado en la Senescy - Validar',)
23:28:13 - ERR - post - (TypeError('can only concatenate str (not "AttributeError") to str'),)
23:30:53 - ERR - post - (TypeError('can only concatenate str (not "TypeError") to str'),)
23:31:17 - ERR - post - (TypeError('can only concatenate str (not "TypeError") to str'),)
23:32:26 - ERR - post - (TypeError('can only concatenate str (not "TypeError") to str'),)
23:36:04 - ERR - post - (TypeError('can only concatenate str (not "TypeError") to str'),)
23:38:28 - ERR - post - (TypeError('can only concatenate str (not "TypeError") to str'),)
23:40:36 - ERR - post - (TypeError('can only concatenate str (not "TypeError") to str'),)
23:43:59 - ERR - post - (TypeError('can only concatenate str (not "TypeError") to str'),)
23:47:21 - ERR - post - (TypeError('can only concatenate str (not "TypeError") to str'),)
23:48:17 - ERR - post - ('Error en service:',)
23:50:01 - ERR - post - (TypeError('can only concatenate str (not "TypeError") to str'),)
23:51:44 - ERR - post - (TypeError('can only concatenate str (not "TypeError") to str'),)
23:52:03 - ERR - post - (TypeError('can only concatenate str (not "TypeError") to str'),)
23:52:09 - ERR - post - (TypeError('can only concatenate str (not "TypeError") to str'),)
23:53:26 - ERR - post - (TypeError('can only concatenate str (not "TypeError") to str'),)
23:55:00 - ERR - post - (TypeError('can only concatenate str (not "TypeError") to str'),)
23:55:16 - ERR - validar - ('No se encontro un usuario registrado en la Senescy - Validar',)
23:55:16 - ERR - post - (TypeError('can only concatenate str (not "TypeError") to str'),)
23:55:28 - ERR - validar - ('No se encontro un usuario registrado en la Senescy - Validar',)
23:55:28 - ERR - post - (TypeError('can only concatenate str (not "TypeError") to str'),)
23:55:45 - ERR - post - (TypeError('can only concatenate str (not "TypeError") to str'),)
23:56:24 - ERR - post - (TypeError('can only concatenate str (not "TypeError") to str'),)
23:57:23 - ERR - post - (TypeError('can only concatenate str (not "TypeError") to str'),)
23:57:48 - ERR - post - (TypeError('can only concatenate str (not "TypeError") to str'),)
23:59:20 - ERR - post - (TypeError('can only concatenate str (not "TypeError") to str'),)
23:59:37 - ERR - post - (TypeError('can only concatenate str (not "TypeError") to str'),)
