00:00:14 - INF - <module> - ('Servicio Finalizado',)
00:00:16 - INF - <module> - ('API - AUTH',)
00:00:16 - INF - <module> - ('Servicio Iniciado',)
00:00:28 - INF - <module> - ('Servicio Finalizado',)
00:00:31 - INF - <module> - ('API - AUTH',)
00:00:31 - INF - <module> - ('Servicio Iniciado',)
00:00:47 - INF - post - ('Ingreso a Registrar estudiante nuevo',)
00:00:47 - INF - validar - ('Cedula validada [tiene cupo aceptado en la Senescy]',)
00:01:10 - INF - <module> - ('Servicio Finalizado',)
00:01:10 - INF - <module> - ('Servicio Finalizado',)
00:01:13 - INF - <module> - ('API - AUTH',)
00:01:13 - INF - <module> - ('Servicio Iniciado',)
00:01:15 - INF - <module> - ('API - AUTH',)
00:01:15 - INF - <module> - ('Servicio Iniciado',)
00:01:16 - INF - post - ('Ingreso a Registrar estudiante nuevo',)
00:01:16 - INF - validar - ('Cedula validada [tiene cupo aceptado en la Senescy]',)
00:02:01 - INF - <module> - ('Servicio Finalizado',)
00:02:04 - INF - <module> - ('API - AUTH',)
00:02:04 - INF - <module> - ('Servicio Iniciado',)
00:02:33 - INF - <module> - ('Servicio Finalizado',)
00:02:37 - INF - <module> - ('Servicio Finalizado',)
00:02:43 - INF - <module> - ('API - AUTH',)
00:02:43 - INF - <module> - ('Servicio Iniciado',)
00:02:45 - INF - <module> - ('API - AUTH',)
00:02:45 - INF - <module> - ('Servicio Iniciado',)
00:02:59 - INF - <module> - ('Servicio Finalizado',)
00:03:00 - INF - <module> - ('API - AUTH',)
00:03:00 - INF - <module> - ('Servicio Iniciado',)
00:03:10 - INF - <module> - ('Servicio Finalizado',)
00:03:14 - INF - <module> - ('API - AUTH',)
00:03:14 - INF - <module> - ('Servicio Iniciado',)
00:03:15 - INF - post - ('Ingreso a Registrar estudiante nuevo',)
00:03:15 - INF - validar - ('Cedula validada [tiene cupo aceptado en la Senescy]',)
00:03:15 - INF - newEstudiante - ('Estudiante registrado con exito', 23)
00:03:55 - INF - <module> - ('Servicio Finalizado',)
00:03:58 - INF - <module> - ('API - AUTH',)
00:03:58 - INF - <module> - ('Servicio Iniciado',)
00:04:01 - INF - post - ('Ingreso a Registrar estudiante nuevo',)
00:04:01 - INF - validar - ('Cedula validada [tiene cupo aceptado en la Senescy]',)
00:04:01 - INF - newEstudiante - ('Estudiante registrado con exito', 24)
00:04:01 - INF - newUniversitario - ('Perfil universitario creado con exito - newUniversitario ', 3)
00:04:01 - INF - post - ('Registro Exitoso',)
00:10:28 - INF - <module> - ('Servicio Finalizado',)
00:10:28 - INF - <module> - ('Servicio Finalizado',)
00:11:33 - INF - <module> - ('API - AUTH',)
00:11:33 - INF - <module> - ('Servicio Iniciado',)
00:11:35 - INF - <module> - ('API - AUTH',)
00:11:35 - INF - <module> - ('Servicio Iniciado',)
00:11:52 - INF - post - ('Ingreso a Validar el Login',)
00:11:53 - INF - post - ('Hubo un error al recibir los datos del login - Service',)
00:12:34 - INF - post - ('Ingreso a Validar el Login',)
00:12:34 - INF - Login - ('Login Exitoso para usuario: 0999999991',)
00:12:34 - INF - post - ('Exito al recibir los datos del login - Service',)
00:12:55 - INF - <module> - ('Servicio Finalizado',)
00:12:55 - INF - <module> - ('Servicio Finalizado',)
00:13:21 - INF - <module> - ('API - AUTH',)
00:13:21 - INF - <module> - ('Servicio Iniciado',)
00:13:22 - INF - <module> - ('API - AUTH',)
00:13:22 - INF - <module> - ('Servicio Iniciado',)
00:13:26 - INF - post - ('Ingreso a Validar el Login',)
00:13:26 - INF - post - ('Hubo un error al recibir los datos del login - Service',)
00:14:11 - INF - <module> - ('Servicio Finalizado',)
00:14:13 - INF - <module> - ('API - AUTH',)
00:14:13 - INF - <module> - ('Servicio Iniciado',)
00:14:18 - INF - post - ('Ingreso a Validar el Login',)
00:14:18 - INF - post - ('Login Fallido - Service',)
00:14:22 - INF - <module> - ('Servicio Finalizado',)
00:14:23 - INF - <module> - ('Servicio Finalizado',)
13:19:32 - INF - <module> - ('API - AUTH',)
13:19:32 - INF - <module> - ('Servicio Iniciado',)
13:19:34 - INF - <module> - ('API - AUTH',)
13:19:34 - INF - <module> - ('Servicio Iniciado',)
13:23:05 - INF - post - ('Ingreso a Validar el Login',)
13:23:05 - INF - post - ('Login Fallido - Service',)
13:23:36 - INF - post - ('Ingreso a Validar el Login',)
13:23:36 - INF - Login - ('Login Exitoso para usuario: user1',)
13:23:36 - INF - post - ('Login Exitoso - Service',)
13:23:40 - INF - <module> - ('Servicio Finalizado',)
13:23:40 - INF - <module> - ('Servicio Finalizado',)
13:35:55 - INF - <module> - ('API - AUTH',)
13:35:55 - INF - <module> - ('Servicio Iniciado',)
13:35:57 - INF - <module> - ('API - AUTH',)
13:35:57 - INF - <module> - ('Servicio Iniciado',)
13:36:05 - INF - post - ('Ingreso a Validar el Login',)
13:36:05 - INF - post - ('Login Fallido - Service',)
13:37:04 - INF - <module> - ('Servicio Finalizado',)
13:37:06 - INF - <module> - ('API - AUTH',)
13:37:06 - INF - <module> - ('Servicio Iniciado',)
13:37:13 - INF - post - ('Ingreso a Validar el Login',)
13:37:13 - INF - post - ('Login Exitoso - Service',)
13:38:26 - INF - <module> - ('Servicio Finalizado',)
13:38:30 - INF - <module> - ('API - AUTH',)
13:38:30 - INF - <module> - ('Servicio Iniciado',)
13:38:35 - INF - post - ('Ingreso a Validar el Login',)
13:38:35 - INF - post - ('Login Fallido - Service',)
13:39:00 - INF - <module> - ('Servicio Finalizado',)
13:39:06 - INF - <module> - ('Servicio Finalizado',)
13:39:24 - INF - <module> - ('API - AUTH',)
13:39:24 - INF - <module> - ('Servicio Iniciado',)
13:39:26 - INF - <module> - ('API - AUTH',)
13:39:26 - INF - <module> - ('Servicio Iniciado',)
13:39:29 - INF - post - ('Ingreso a Validar el Login',)
13:39:29 - INF - post - ('Login Exitoso - Service',)
13:40:18 - INF - <module> - ('Servicio Finalizado',)
13:40:18 - INF - <module> - ('Servicio Finalizado',)
13:41:47 - INF - <module> - ('API - AUTH',)
13:41:47 - INF - <module> - ('Servicio Iniciado',)
13:41:49 - INF - <module> - ('API - AUTH',)
13:41:49 - INF - <module> - ('Servicio Iniciado',)
13:41:53 - INF - post - ('Ingreso a Validar el Login',)
13:41:53 - INF - post - ('Login Exitoso - Service',)
13:42:05 - INF - <module> - ('Servicio Finalizado',)
13:42:07 - INF - <module> - ('API - AUTH',)
13:42:07 - INF - <module> - ('Servicio Iniciado',)
13:42:12 - INF - post - ('Ingreso a Validar el Login',)
13:42:12 - INF - Login - ('Login Exitoso para usuario: ', 'user1')
13:42:12 - INF - post - ('Login Exitoso - Service',)
13:44:25 - INF - <module> - ('Servicio Finalizado',)
13:44:26 - INF - <module> - ('Servicio Finalizado',)
18:24:02 - INF - <module> - ('API - AUTH',)
18:24:02 - INF - <module> - ('Servicio Iniciado',)
18:24:05 - INF - <module> - ('API - AUTH',)
18:24:05 - INF - <module> - ('Servicio Iniciado',)
18:24:25 - INF - post - ('Ingreso a Registrar estudiante nuevo',)
18:24:26 - INF - validar - ('Cedula validada [tiene cupo aceptado en la Senescy]',)
18:24:26 - INF - newEstudiante - ('Estudiante registrado con exito', 25)
18:24:26 - INF - newUniversitario - ('Perfil universitario creado con exito - newUniversitario ', 4)
18:24:26 - INF - post - ('Registro Exitoso',)
18:25:14 - INF - <module> - ('Servicio Finalizado',)
18:25:14 - INF - <module> - ('Servicio Finalizado',)
20:01:07 - INF - <module> - ('API - AUTH',)
20:01:07 - INF - <module> - ('Servicio Iniciado',)
20:01:13 - INF - <module> - ('API - AUTH',)
20:01:13 - INF - <module> - ('Servicio Iniciado',)
20:02:46 - INF - <module> - ('Servicio Finalizado',)
20:02:46 - INF - <module> - ('Servicio Finalizado',)
20:04:02 - INF - <module> - ('API - AUTH',)
20:04:02 - INF - <module> - ('Servicio Iniciado',)
20:04:11 - INF - <module> - ('API - AUTH',)
20:04:11 - INF - <module> - ('Servicio Iniciado',)
20:05:37 - INF - <module> - ('Servicio Finalizado',)
20:05:40 - INF - <module> - ('API - AUTH',)
20:05:40 - INF - <module> - ('Servicio Iniciado',)
20:05:41 - INF - <module> - ('Servicio Finalizado',)
20:05:41 - INF - <module> - ('Servicio Finalizado',)
20:09:08 - INF - <module> - ('API - AUTH',)
20:09:08 - INF - <module> - ('Servicio Iniciado',)
20:09:16 - INF - <module> - ('API - AUTH',)
20:09:16 - INF - <module> - ('Servicio Iniciado',)
20:09:30 - INF - <module> - ('Servicio Finalizado',)
20:09:30 - INF - <module> - ('Servicio Finalizado',)
20:27:00 - INF - <module> - ('API - AUTH',)
20:27:00 - INF - <module> - ('Servicio Iniciado',)
20:27:03 - INF - <module> - ('API - AUTH',)
20:27:03 - INF - <module> - ('Servicio Iniciado',)
20:27:37 - INF - post - ('Ingreso a Registrar estudiante nuevo',)
20:27:37 - INF - post - ('Hubo un error al registrar el estudiante los datos del Signup - Service',)
20:28:30 - INF - post - ('Ingreso a Registrar estudiante nuevo',)
20:28:30 - INF - validar - ('Cedula validada [tiene cupo aceptado en la Senescy]',)
20:28:30 - INF - newEstudiante - ('Estudiante registrado con exito', 26)
20:28:30 - INF - post - ('Hubo un error al registrar el estudiante los datos del Signup - Service',)
20:28:49 - INF - <module> - ('Servicio Finalizado',)
20:28:52 - INF - <module> - ('API - AUTH',)
20:28:52 - INF - <module> - ('Servicio Iniciado',)
20:28:57 - INF - post - ('Ingreso a Registrar estudiante nuevo',)
20:28:57 - INF - validar - ('Cedula validada [tiene cupo aceptado en la Senescy]',)
20:28:57 - INF - newEstudiante - ('Estudiante registrado con exito', 27)
20:28:57 - INF - newUniversitario - ('Correo Enviado - newUniversitario ', 5)
20:28:57 - INF - newUniversitario - ('Perfil universitario creado con exito - newUniversitario ', 5)
20:28:57 - INF - post - ('Registro Exitoso',)
20:29:06 - INF - <module> - ('Servicio Finalizado',)
20:29:06 - INF - <module> - ('Servicio Finalizado',)
20:31:05 - INF - <module> - ('API - AUTH',)
20:31:05 - INF - <module> - ('Servicio Iniciado',)
20:31:08 - INF - <module> - ('API - AUTH',)
20:31:08 - INF - <module> - ('Servicio Iniciado',)
20:31:18 - INF - post - ('Ingreso a Registrar estudiante nuevo',)
20:31:18 - INF - validar - ('Cedula validada [tiene cupo aceptado en la Senescy]',)
20:31:18 - INF - newEstudiante - ('Estudiante registrado con exito', 28)
20:31:18 - INF - newUniversitario - ('Correo Enviado - newUniversitario ', 6)
20:31:18 - INF - newUniversitario - ('Perfil universitario creado con exito - newUniversitario ', 6)
20:31:21 - INF - signup - ('Se creo y se envio el correo - signup',)
20:31:21 - INF - post - ('Registro Exitoso',)
20:32:33 - INF - post - ('Ingreso a Registrar estudiante nuevo',)
20:32:33 - INF - validar - ('Cedula validada [tiene cupo aceptado en la Senescy]',)
20:32:33 - INF - newEstudiante - ('Estudiante registrado con exito', 29)
20:32:33 - INF - newUniversitario - ('Correo Enviado - newUniversitario ', 7)
20:32:33 - INF - newUniversitario - ('Perfil universitario creado con exito - newUniversitario ', 7)
20:32:36 - INF - signup - ('Se creo y se envio el correo - signup',)
20:32:36 - INF - post - ('Registro Exitoso',)
20:33:43 - INF - <module> - ('Servicio Finalizado',)
20:33:43 - INF - <module> - ('Servicio Finalizado',)
21:27:55 - INF - <module> - ('API - AUTH',)
21:27:55 - INF - <module> - ('Servicio Iniciado',)
21:27:57 - INF - <module> - ('API - AUTH',)
21:27:57 - INF - <module> - ('Servicio Iniciado',)
21:28:08 - INF - post - ('Ingreso a Recuperar Cuenta',)
21:28:49 - INF - <module> - ('Servicio Finalizado',)
21:28:51 - INF - <module> - ('API - AUTH',)
21:28:52 - INF - <module> - ('Servicio Iniciado',)
21:28:55 - INF - <module> - ('Servicio Finalizado',)
21:28:55 - INF - <module> - ('Servicio Finalizado',)
21:28:59 - INF - <module> - ('API - AUTH',)
21:28:59 - INF - <module> - ('Servicio Iniciado',)
21:29:02 - INF - <module> - ('API - AUTH',)
21:29:02 - INF - <module> - ('Servicio Iniciado',)
21:29:05 - INF - post - ('Ingreso a Recuperar Cuenta',)
21:35:20 - INF - post - ('Ingreso a Recuperar Cuenta',)
21:38:01 - INF - post - ('Ingreso a Recuperar Cuenta',)
21:38:32 - INF - <module> - ('Servicio Finalizado',)
21:38:37 - INF - <module> - ('Servicio Finalizado',)
21:38:46 - INF - <module> - ('API - AUTH',)
21:38:46 - INF - <module> - ('Servicio Iniciado',)
21:38:49 - INF - <module> - ('API - AUTH',)
21:38:49 - INF - <module> - ('Servicio Iniciado',)
21:38:52 - INF - post - ('Ingreso a Recuperar Cuenta',)
21:39:50 - INF - <module> - ('Servicio Finalizado',)
21:39:50 - INF - <module> - ('Servicio Finalizado',)
21:40:58 - INF - <module> - ('API - AUTH',)
21:40:58 - INF - <module> - ('Servicio Iniciado',)
21:41:02 - INF - <module> - ('API - AUTH',)
21:41:02 - INF - <module> - ('Servicio Iniciado',)
21:41:05 - INF - post - ('Ingreso a Recuperar Cuenta',)
21:41:09 - INF - post - ('Ingreso a Recuperar Cuenta',)
21:42:36 - INF - <module> - ('Servicio Finalizado',)
21:42:38 - INF - <module> - ('Servicio Finalizado',)
21:42:45 - INF - <module> - ('API - AUTH',)
21:42:45 - INF - <module> - ('Servicio Iniciado',)
21:42:51 - INF - <module> - ('API - AUTH',)
21:42:51 - INF - <module> - ('Servicio Iniciado',)
21:42:54 - INF - post - ('Ingreso a Recuperar Cuenta',)
21:43:40 - INF - <module> - ('Servicio Finalizado',)
21:43:43 - INF - <module> - ('Servicio Finalizado',)
21:44:35 - INF - <module> - ('API - AUTH',)
21:44:35 - INF - <module> - ('Servicio Iniciado',)
21:44:42 - INF - <module> - ('API - AUTH',)
21:44:42 - INF - <module> - ('Servicio Iniciado',)
21:44:50 - INF - post - ('Ingreso a Recuperar Cuenta',)
21:45:33 - INF - <module> - ('Servicio Finalizado',)
21:45:33 - INF - <module> - ('Servicio Finalizado',)
21:48:13 - INF - <module> - ('API - AUTH',)
21:48:13 - INF - <module> - ('Servicio Iniciado',)
21:48:16 - INF - <module> - ('API - AUTH',)
21:48:16 - INF - <module> - ('Servicio Iniciado',)
21:48:21 - INF - post - ('Ingreso a Recuperar Cuenta',)
21:48:41 - INF - <module> - ('Servicio Finalizado',)
21:48:44 - INF - <module> - ('API - AUTH',)
21:48:44 - INF - <module> - ('Servicio Iniciado',)
21:48:46 - INF - post - ('Ingreso a Recuperar Cuenta',)
21:48:46 - INF - recuperarCuenta - ('Se encontró la cuenta a recuperar: ',)
21:48:54 - INF - <module> - ('Servicio Finalizado',)
21:48:54 - INF - <module> - ('Servicio Finalizado',)
21:49:07 - INF - <module> - ('API - AUTH',)
21:49:07 - INF - <module> - ('Servicio Iniciado',)
21:49:17 - INF - <module> - ('API - AUTH',)
21:49:17 - INF - <module> - ('Servicio Iniciado',)
21:49:21 - INF - post - ('Ingreso a Recuperar Cuenta',)
21:49:22 - INF - recuperarCuenta - ('Se encontró la cuenta a recuperar: ',)
21:49:32 - INF - <module> - ('Servicio Finalizado',)
21:49:33 - INF - <module> - ('Servicio Finalizado',)
21:50:04 - INF - <module> - ('API - AUTH',)
21:50:04 - INF - <module> - ('Servicio Iniciado',)
21:50:10 - INF - <module> - ('API - AUTH',)
21:50:10 - INF - <module> - ('Servicio Iniciado',)
21:50:17 - INF - post - ('Ingreso a Recuperar Cuenta',)
21:50:17 - INF - recuperarCuenta - ('Se encontró la cuenta a recuperar: ',)
21:50:34 - INF - <module> - ('Servicio Finalizado',)
21:50:34 - INF - <module> - ('Servicio Finalizado',)
21:52:44 - INF - <module> - ('API - AUTH',)
21:52:44 - INF - <module> - ('Servicio Iniciado',)
21:52:48 - INF - <module> - ('API - AUTH',)
21:52:48 - INF - <module> - ('Servicio Iniciado',)
21:52:52 - INF - post - ('Ingreso a Recuperar Cuenta',)
21:52:52 - INF - recuperarCuenta - ('Se encontró la cuenta a recuperar: ',)
21:53:39 - INF - <module> - ('Servicio Finalizado',)
21:53:43 - INF - <module> - ('API - AUTH',)
21:53:43 - INF - <module> - ('Servicio Iniciado',)
21:53:47 - INF - <module> - ('Servicio Finalizado',)
21:53:47 - INF - <module> - ('Servicio Finalizado',)
21:53:50 - INF - <module> - ('API - AUTH',)
21:53:50 - INF - <module> - ('Servicio Iniciado',)
21:53:53 - INF - <module> - ('API - AUTH',)
21:53:53 - INF - <module> - ('Servicio Iniciado',)
21:53:56 - INF - post - ('Ingreso a Recuperar Cuenta',)
21:53:56 - INF - recuperarCuenta - ('Se encontró la cuenta a recuperar: ',)
21:54:56 - INF - <module> - ('Servicio Finalizado',)
21:54:58 - INF - <module> - ('Servicio Finalizado',)
21:55:08 - INF - <module> - ('API - AUTH',)
21:55:08 - INF - <module> - ('Servicio Iniciado',)
21:55:12 - INF - <module> - ('API - AUTH',)
21:55:12 - INF - <module> - ('Servicio Iniciado',)
21:55:16 - INF - post - ('Ingreso a Recuperar Cuenta',)
21:55:16 - INF - recuperarCuenta - ('Se encontró la cuenta a recuperar: ',)
21:55:19 - INF - <module> - ('Servicio Finalizado',)
21:55:19 - INF - <module> - ('Servicio Finalizado',)
21:59:03 - INF - <module> - ('API - AUTH',)
21:59:03 - INF - <module> - ('Servicio Iniciado',)
21:59:05 - INF - <module> - ('API - AUTH',)
21:59:05 - INF - <module> - ('Servicio Iniciado',)
21:59:08 - INF - post - ('Ingreso a Recuperar Cuenta',)
21:59:09 - INF - recuperarCuenta - ('Se encontró la cuenta a recuperar: ',)
21:59:11 - INF - recuperarCuenta - ('Token creado con exito, revise el correo - recuperarCuenta',)
21:59:11 - INF - post - ('Se ha generado el token Exitosamente',)
22:00:58 - INF - <module> - ('Servicio Finalizado',)
22:00:59 - INF - <module> - ('Servicio Finalizado',)
22:01:11 - INF - <module> - ('API - AUTH',)
22:01:12 - INF - <module> - ('Servicio Iniciado',)
22:01:16 - INF - <module> - ('API - AUTH',)
22:01:16 - INF - <module> - ('Servicio Iniciado',)
22:01:21 - INF - post - ('Ingreso a Recuperar Cuenta',)
22:01:21 - INF - recuperarCuenta - ('Se encontró la cuenta a recuperar: ',)
22:01:24 - INF - recuperarCuenta - ('Token creado con exito, revise el correo - recuperarCuenta',)
22:01:24 - INF - post - ('Se ha generado el token Exitosamente',)
22:03:47 - INF - <module> - ('Servicio Finalizado',)
22:03:48 - INF - <module> - ('Servicio Finalizado',)
22:24:15 - INF - <module> - ('API - AUTH',)
22:24:15 - INF - <module> - ('Servicio Iniciado',)
22:24:18 - INF - <module> - ('API - AUTH',)
22:24:18 - INF - <module> - ('Servicio Iniciado',)
22:25:19 - INF - post - ('Ingreso a Activación de recuperacion de cuenta',)
22:26:43 - INF - <module> - ('Servicio Finalizado',)
22:26:47 - INF - <module> - ('API - AUTH',)
22:26:47 - INF - <module> - ('Servicio Iniciado',)
22:26:52 - INF - post - ('Ingreso a Activación de recuperacion de cuenta',)
22:27:10 - INF - <module> - ('Servicio Finalizado',)
22:27:11 - INF - <module> - ('Servicio Finalizado',)
22:27:45 - INF - <module> - ('API - AUTH',)
22:27:45 - INF - <module> - ('Servicio Iniciado',)
22:27:51 - INF - <module> - ('API - AUTH',)
22:27:51 - INF - <module> - ('Servicio Iniciado',)
22:28:08 - INF - post - ('Ingreso a Activación de recuperacion de cuenta',)
22:29:06 - INF - <module> - ('Servicio Finalizado',)
22:29:07 - INF - <module> - ('Servicio Finalizado',)
22:37:53 - INF - <module> - ('API - AUTH',)
22:37:53 - INF - <module> - ('Servicio Iniciado',)
22:37:57 - INF - <module> - ('API - AUTH',)
22:37:57 - INF - <module> - ('Servicio Iniciado',)
22:38:01 - INF - post - ('Ingreso a Activación de recuperacion de cuenta',)
22:38:01 - INF - post - ('Ingreso a Activación de recuperacion de cuenta',)
22:39:24 - INF - <module> - ('Servicio Finalizado',)
22:39:28 - INF - <module> - ('Servicio Finalizado',)
22:40:15 - INF - <module> - ('API - AUTH',)
22:40:15 - INF - <module> - ('Servicio Iniciado',)
22:40:19 - INF - <module> - ('API - AUTH',)
22:40:19 - INF - <module> - ('Servicio Iniciado',)
22:40:22 - INF - post - ('Ingreso a Activación de recuperacion de cuenta',)
22:41:03 - INF - <module> - ('Servicio Finalizado',)
22:41:03 - INF - <module> - ('Servicio Finalizado',)
22:41:22 - INF - <module> - ('API - AUTH',)
22:41:22 - INF - <module> - ('Servicio Iniciado',)
22:41:25 - INF - <module> - ('API - AUTH',)
22:41:25 - INF - <module> - ('Servicio Iniciado',)
22:41:33 - INF - post - ('Ingreso a Activación de recuperacion de cuenta',)
22:42:07 - INF - <module> - ('Servicio Finalizado',)
22:42:09 - INF - <module> - ('API - AUTH',)
22:42:09 - INF - <module> - ('Servicio Iniciado',)
22:42:11 - INF - post - ('Ingreso a Activación de recuperacion de cuenta',)
22:42:12 - INF - post - ('Ingreso a Activación de recuperacion de cuenta',)
22:42:15 - INF - post - ('Ingreso a Activación de recuperacion de cuenta',)
22:42:37 - INF - <module> - ('Servicio Finalizado',)
22:42:37 - INF - <module> - ('Servicio Finalizado',)
22:45:10 - INF - <module> - ('API - AUTH',)
22:45:10 - INF - <module> - ('Servicio Iniciado',)
22:45:13 - INF - <module> - ('API - AUTH',)
22:45:13 - INF - <module> - ('Servicio Iniciado',)
22:45:18 - INF - post - ('Ingreso a Activación de recuperacion de cuenta',)
22:45:19 - INF - post - ('Ingreso a Activación de recuperacion de cuenta',)
22:46:31 - INF - post - ('Ingreso a Recuperar Cuenta',)
22:46:31 - INF - recuperarCuenta - ('Se encontró la cuenta a recuperar: ',)
22:46:34 - INF - recuperarCuenta - ('Token creado con exito, revise el correo - recuperarCuenta',)
22:46:34 - INF - post - ('Se ha generado el token Exitosamente',)
22:47:03 - INF - post - ('Ingreso a Activación de recuperacion de cuenta',)
22:47:03 - INF - decodeTokenForgotPass - ('Token descifrado con exito',)
22:47:03 - INF - post - ('Se ha validado el token Exitosamente',)
22:47:34 - INF - <module> - ('Servicio Finalizado',)
22:47:37 - INF - <module> - ('API - AUTH',)
22:47:37 - INF - <module> - ('Servicio Iniciado',)
22:47:42 - INF - post - ('Ingreso a Recuperar Cuenta',)
22:47:42 - INF - recuperarCuenta - ('Se encontró la cuenta a recuperar: ',)
22:47:44 - INF - recuperarCuenta - ('Token creado con exito, revise el correo - recuperarCuenta',)
22:47:44 - INF - post - ('Se ha generado el token Exitosamente',)
22:47:48 - INF - post - ('Ingreso a Activación de recuperacion de cuenta',)
22:47:48 - INF - decodeTokenForgotPass - ('Token descifrado con exito',)
22:47:48 - INF - post - ('Se ha validado el token Exitosamente',)
22:48:22 - INF - <module> - ('Servicio Finalizado',)
22:48:28 - INF - <module> - ('API - AUTH',)
22:48:28 - INF - <module> - ('Servicio Iniciado',)
22:48:35 - INF - post - ('Ingreso a Activación de recuperacion de cuenta',)
22:48:35 - INF - decodeTokenForgotPass - ('Token descifrado con exito',)
22:48:35 - INF - post - ('Se ha validado el token Exitosamente',)
22:48:48 - INF - <module> - ('Servicio Finalizado',)
22:48:51 - INF - <module> - ('API - AUTH',)
22:48:51 - INF - <module> - ('Servicio Iniciado',)
22:48:57 - INF - post - ('Ingreso a Activación de recuperacion de cuenta',)
22:48:57 - INF - decodeTokenForgotPass - ('Token descifrado con exito',)
22:48:57 - INF - post - ('Se ha validado el token Exitosamente',)
22:49:10 - INF - <module> - ('Servicio Finalizado',)
22:49:13 - INF - <module> - ('API - AUTH',)
22:49:13 - INF - <module> - ('Servicio Iniciado',)
22:49:16 - INF - post - ('Ingreso a Activación de recuperacion de cuenta',)
22:49:16 - INF - decodeTokenForgotPass - ('Token descifrado con exito',)
22:49:38 - INF - <module> - ('Servicio Finalizado',)
22:49:40 - INF - <module> - ('Servicio Finalizado',)
23:08:51 - INF - <module> - ('API - AUTH',)
23:08:51 - INF - <module> - ('Servicio Iniciado',)
23:08:56 - INF - <module> - ('API - AUTH',)
23:08:56 - INF - <module> - ('Servicio Iniciado',)
23:09:28 - INF - post - ('Ingreso a Activación de recuperacion de cuenta',)
23:09:28 - INF - decodeTokenForgotPass - ('Token descifrado con exito',)
23:09:29 - INF - obtenerCuentaRecuperar - ('Cuenta a recuperar encontrada- obtenerCuentaRecuperar',)
23:09:29 - INF - post - ('Se ha validado el token Exitosamente',)
23:10:04 - INF - <module> - ('Servicio Finalizado',)
23:10:07 - INF - <module> - ('API - AUTH',)
23:10:07 - INF - <module> - ('Servicio Iniciado',)
23:10:16 - INF - post - ('Ingreso a Activación de recuperacion de cuenta',)
23:10:16 - INF - decodeTokenForgotPass - ('Token descifrado con exito',)
23:10:16 - INF - obtenerCuentaRecuperar - ('Cuenta a recuperar encontrada- obtenerCuentaRecuperar',)
23:10:16 - INF - post - ('Se ha validado el token Exitosamente',)
23:10:40 - INF - <module> - ('Servicio Finalizado',)
23:10:40 - INF - <module> - ('Servicio Finalizado',)
23:10:44 - INF - <module> - ('API - AUTH',)
23:10:44 - INF - <module> - ('Servicio Iniciado',)
23:10:47 - INF - <module> - ('API - AUTH',)
23:10:47 - INF - <module> - ('Servicio Iniciado',)
23:10:48 - INF - <module> - ('Servicio Finalizado',)
23:10:48 - INF - <module> - ('Servicio Finalizado',)
23:11:42 - INF - <module> - ('API - AUTH',)
23:11:42 - INF - <module> - ('Servicio Iniciado',)
23:11:45 - INF - <module> - ('API - AUTH',)
23:11:45 - INF - <module> - ('Servicio Iniciado',)
23:11:47 - INF - post - ('Ingreso a Activación de recuperacion de cuenta',)
23:11:47 - INF - decodeTokenForgotPass - ('Token descifrado con exito',)
23:11:48 - INF - obtenerCuentaRecuperar - ('Cuenta a recuperar encontrada- obtenerCuentaRecuperar',)
23:11:48 - INF - post - ('Se ha validado el token Exitosamente',)
23:12:35 - INF - <module> - ('Servicio Finalizado',)
23:12:35 - INF - <module> - ('Servicio Finalizado',)
23:14:14 - INF - <module> - ('API - AUTH',)
23:14:14 - INF - <module> - ('Servicio Iniciado',)
23:14:17 - INF - <module> - ('API - AUTH',)
23:14:17 - INF - <module> - ('Servicio Iniciado',)
23:14:19 - INF - post - ('Ingreso a Activación de recuperacion de cuenta',)
23:14:19 - INF - decodeTokenForgotPass - ('Token descifrado con exito',)
23:14:19 - INF - obtenerCuentaRecuperar - ('Cuenta a recuperar encontrada- obtenerCuentaRecuperar',)
23:14:19 - INF - post - ('Se ha validado el token Exitosamente',)
23:14:34 - INF - <module> - ('Servicio Finalizado',)
23:14:36 - INF - <module> - ('API - AUTH',)
23:14:36 - INF - <module> - ('Servicio Iniciado',)
23:14:38 - INF - post - ('Ingreso a Activación de recuperacion de cuenta',)
23:14:38 - INF - decodeTokenForgotPass - ('Token descifrado con exito',)
23:14:39 - INF - obtenerCuentaRecuperar - ('Cuenta a recuperar encontrada- obtenerCuentaRecuperar',)
23:14:39 - INF - post - ('Se ha validado el token Exitosamente',)
23:14:45 - INF - <module> - ('Servicio Finalizado',)
23:14:45 - INF - <module> - ('Servicio Finalizado',)
23:28:37 - INF - <module> - ('API - AUTH',)
23:28:37 - INF - <module> - ('Servicio Iniciado',)
23:28:41 - INF - <module> - ('API - AUTH',)
23:28:41 - INF - <module> - ('Servicio Iniciado',)
23:29:22 - INF - post - ('Ingreso a actualizar Cuenta',)
23:30:44 - INF - <module> - ('Servicio Finalizado',)
23:30:50 - INF - <module> - ('Servicio Finalizado',)
23:31:02 - INF - <module> - ('API - AUTH',)
23:31:02 - INF - <module> - ('Servicio Iniciado',)
23:31:05 - INF - <module> - ('API - AUTH',)
23:31:05 - INF - <module> - ('Servicio Iniciado',)
23:31:08 - INF - post - ('Ingreso a actualizar Cuenta',)
23:31:08 - INF - actualizarCuentaU - ('Contraseña actualizada- actualizarCuentaU',)
23:31:08 - INF - post - ('Se ha actualizado la contraseña Exitosamente',)
23:31:36 - INF - post - ('Ingreso a actualizar Cuenta',)
23:31:36 - INF - actualizarCuentaU - ('Contraseña actualizada- actualizarCuentaU',)
23:31:50 - INF - post - ('Ingreso a actualizar Cuenta',)
23:31:50 - INF - actualizarCuentaU - ('Contraseña actualizada- actualizarCuentaU',)
23:32:06 - INF - post - ('Ingreso a actualizar Cuenta',)
23:32:06 - INF - actualizarCuentaU - ('Contraseña actualizada- actualizarCuentaU',)
23:32:06 - INF - post - ('Se ha actualizado la contraseña Exitosamente',)
23:32:28 - INF - <module> - ('Servicio Finalizado',)
23:32:30 - INF - <module> - ('API - AUTH',)
23:32:31 - INF - <module> - ('Servicio Iniciado',)
23:32:43 - INF - <module> - ('Servicio Finalizado',)
23:32:45 - INF - <module> - ('API - AUTH',)
23:32:45 - INF - <module> - ('Servicio Iniciado',)
23:32:49 - INF - post - ('Ingreso a actualizar Cuenta',)
23:32:50 - INF - actualizarCuentaU - ('Contraseña actualizada- actualizarCuentaU',)
23:33:02 - INF - post - ('Ingreso a actualizar Cuenta',)
23:33:02 - INF - actualizarCuentaU - ('Contraseña actualizada- actualizarCuentaU',)
23:33:59 - INF - <module> - ('Servicio Finalizado',)
23:34:02 - INF - <module> - ('API - AUTH',)
23:34:02 - INF - <module> - ('Servicio Iniciado',)
23:34:03 - INF - <module> - ('Servicio Finalizado',)
23:34:03 - INF - <module> - ('Servicio Finalizado',)
23:34:08 - INF - <module> - ('API - AUTH',)
23:34:08 - INF - <module> - ('Servicio Iniciado',)
23:34:10 - INF - <module> - ('API - AUTH',)
23:34:10 - INF - <module> - ('Servicio Iniciado',)
23:34:12 - INF - post - ('Ingreso a actualizar Cuenta',)
23:34:12 - INF - actualizarCuentaU - ('Contraseña actualizada- actualizarCuentaU',)
23:34:12 - INF - post - ('Se ha actualizado la contraseña Exitosamente',)
23:37:42 - INF - <module> - ('Servicio Finalizado',)
23:37:46 - INF - <module> - ('API - AUTH',)
23:37:46 - INF - <module> - ('Servicio Iniciado',)
23:38:51 - INF - post - ('Ingreso a actualizar Cuenta',)
23:38:52 - INF - actualizarCuentaU - ('Contraseña actualizada- actualizarCuentaU',)
23:38:52 - INF - post - ('Se ha actualizado la contraseña Exitosamente',)
23:38:59 - INF - post - ('Ingreso a actualizar Cuenta',)
23:39:00 - INF - actualizarCuentaU - ('Contraseña actualizada- actualizarCuentaU',)
23:39:00 - INF - post - ('Se ha actualizado la contraseña Exitosamente',)
23:39:44 - INF - <module> - ('Servicio Finalizado',)
23:39:45 - INF - <module> - ('Servicio Finalizado',)
