00:15:57 - INF - <module> - ('API - AUTH',)
00:15:57 - INF - <module> - ('Servicio Iniciado',)
00:15:58 - INF - <module> - ('API - AUTH',)
00:15:58 - INF - <module> - ('Servicio Iniciado',)
00:16:26 - INF - post - ('Ingreso a Validar el Login',)
00:16:52 - INF - <module> - ('Servicio Finalizado',)
00:16:52 - INF - <module> - ('Servicio Finalizado',)
00:32:59 - INF - <module> - ('API - AUTH',)
00:32:59 - INF - <module> - ('Servicio Iniciado',)
00:33:00 - INF - <module> - ('API - AUTH',)
00:33:00 - INF - <module> - ('Servicio Iniciado',)
00:33:13 - INF - post - ('Ingreso a Validar el Login',)
00:33:29 - INF - <module> - ('Servicio Finalizado',)
00:33:29 - INF - <module> - ('Servicio Finalizado',)
00:33:33 - INF - <module> - ('API - AUTH',)
00:33:33 - INF - <module> - ('Servicio Iniciado',)
00:33:35 - INF - <module> - ('API - AUTH',)
00:33:35 - INF - <module> - ('Servicio Iniciado',)
00:33:39 - INF - post - ('Ingreso a Validar el Login',)
02:03:36 - INF - <module> - ('API - AUTH',)
02:03:36 - INF - <module> - ('Servicio Iniciado',)
02:03:37 - INF - <module> - ('API - AUTH',)
02:03:37 - INF - <module> - ('Servicio Iniciado',)
02:03:59 - INF - post - ('Ingreso a Validar el Login',)
02:03:59 - INF - Login - ('Login Exitoso para usuario: user1',)
02:05:11 - INF - <module> - ('Servicio Finalizado',)
02:05:14 - INF - <module> - ('API - AUTH',)
02:05:14 - INF - <module> - ('Servicio Iniciado',)
02:05:18 - INF - post - ('Ingreso a Validar el Login',)
02:05:27 - INF - <module> - ('Servicio Finalizado',)
02:05:30 - INF - <module> - ('API - AUTH',)
02:05:30 - INF - <module> - ('Servicio Iniciado',)
02:06:38 - INF - <module> - ('Servicio Finalizado',)
02:06:45 - INF - <module> - ('API - AUTH',)
02:06:45 - INF - <module> - ('Servicio Iniciado',)
02:06:49 - INF - <module> - ('Servicio Finalizado',)
02:06:49 - INF - <module> - ('Servicio Finalizado',)
22:06:16 - INF - <module> - ('API - AUTH',)
22:06:16 - INF - <module> - ('Servicio Iniciado',)
22:06:17 - INF - <module> - ('API - AUTH',)
22:06:17 - INF - <module> - ('Servicio Iniciado',)
22:06:30 - INF - post - ('Ingreso a Validar el Login',)
22:06:31 - INF - Login - ('Login No existoso para usuario: user1',)
22:07:01 - INF - <module> - ('Servicio Finalizado',)
22:07:02 - INF - <module> - ('Servicio Finalizado',)
22:07:50 - INF - <module> - ('API - AUTH',)
22:07:50 - INF - <module> - ('Servicio Iniciado',)
22:07:51 - INF - <module> - ('API - AUTH',)
22:07:51 - INF - <module> - ('Servicio Iniciado',)
22:08:05 - INF - post - ('Ingreso a Validar el Login',)
22:08:05 - INF - Login - ('Login No existoso para usuario: user1',)
22:08:05 - INF - post - ('Hubo un error al recibir los datos del login - Service',)
22:08:34 - INF - <module> - ('Servicio Finalizado',)
22:08:37 - INF - <module> - ('API - AUTH',)
22:08:37 - INF - <module> - ('Servicio Iniciado',)
22:08:39 - INF - <module> - ('Servicio Finalizado',)
22:08:41 - INF - <module> - ('Servicio Finalizado',)
22:10:05 - INF - <module> - ('API - AUTH',)
22:10:05 - INF - <module> - ('Servicio Iniciado',)
22:10:07 - INF - <module> - ('API - AUTH',)
22:10:07 - INF - <module> - ('Servicio Iniciado',)
22:10:12 - INF - post - ('Ingreso a Validar el Login',)
22:10:12 - INF - Login - ('Login Exitoso para usuario: user1',)
22:10:12 - INF - post - ('Hubo un error al recibir los datos del login - Service',)
22:10:21 - INF - <module> - ('Servicio Finalizado',)
22:10:21 - INF - <module> - ('Servicio Finalizado',)
22:14:13 - INF - <module> - ('API - AUTH',)
22:14:13 - INF - <module> - ('Servicio Iniciado',)
22:14:14 - INF - <module> - ('API - AUTH',)
22:14:14 - INF - <module> - ('Servicio Iniciado',)
22:14:29 - INF - post - ('Ingreso a Validar el Login',)
22:14:29 - INF - Login - ('Login Exitoso para usuario: user1',)
22:14:29 - INF - post - ('Exito al recibir los datos del login - Service',)
22:16:25 - INF - <module> - ('Servicio Finalizado',)
22:16:25 - INF - <module> - ('Servicio Finalizado',)
22:31:11 - INF - <module> - ('API - AUTH',)
22:31:11 - INF - <module> - ('Servicio Iniciado',)
22:31:12 - INF - <module> - ('API - AUTH',)
22:31:12 - INF - <module> - ('Servicio Iniciado',)
22:38:44 - INF - <module> - ('Servicio Finalizado',)
22:38:44 - INF - <module> - ('Servicio Finalizado',)
22:53:55 - INF - <module> - ('API - AUTH',)
22:53:55 - INF - <module> - ('Servicio Iniciado',)
22:53:56 - INF - <module> - ('API - AUTH',)
22:53:56 - INF - <module> - ('Servicio Iniciado',)
22:57:39 - INF - post - ('Ingreso a Registrar estudiante nuevo',)
22:58:42 - INF - <module> - ('Servicio Finalizado',)
22:58:46 - INF - <module> - ('API - AUTH',)
22:58:46 - INF - <module> - ('Servicio Iniciado',)
22:58:48 - INF - <module> - ('Servicio Finalizado',)
22:58:48 - INF - <module> - ('Servicio Finalizado',)
22:59:36 - INF - <module> - ('API - AUTH',)
22:59:36 - INF - <module> - ('Servicio Iniciado',)
22:59:37 - INF - <module> - ('API - AUTH',)
22:59:37 - INF - <module> - ('Servicio Iniciado',)
22:59:42 - INF - post - ('Ingreso a Registrar estudiante nuevo',)
22:59:42 - INF - post - ('Registro Exitoso',)
23:00:36 - INF - <module> - ('Servicio Finalizado',)
23:00:38 - INF - <module> - ('Servicio Finalizado',)
23:06:00 - INF - <module> - ('API - AUTH',)
23:06:00 - INF - <module> - ('Servicio Iniciado',)
23:06:02 - INF - <module> - ('API - AUTH',)
23:06:02 - INF - <module> - ('Servicio Iniciado',)
23:06:11 - INF - post - ('Ingreso a Registrar estudiante nuevo',)
23:06:11 - INF - post - ('Registro Exitoso',)
23:06:36 - INF - <module> - ('Servicio Finalizado',)
23:06:37 - INF - <module> - ('Servicio Finalizado',)
23:21:23 - INF - <module> - ('API - AUTH',)
23:21:23 - INF - <module> - ('Servicio Iniciado',)
23:21:25 - INF - <module> - ('API - AUTH',)
23:21:25 - INF - <module> - ('Servicio Iniciado',)
23:21:31 - INF - post - ('Ingreso a Registrar estudiante nuevo',)
23:22:01 - INF - <module> - ('Servicio Finalizado',)
23:22:03 - INF - <module> - ('API - AUTH',)
23:22:03 - INF - <module> - ('Servicio Iniciado',)
23:22:06 - INF - post - ('Ingreso a Registrar estudiante nuevo',)
23:22:17 - INF - <module> - ('Servicio Finalizado',)
23:22:21 - INF - <module> - ('API - AUTH',)
23:22:21 - INF - <module> - ('Servicio Iniciado',)
23:22:24 - INF - post - ('Ingreso a Registrar estudiante nuevo',)
23:22:34 - INF - <module> - ('Servicio Finalizado',)
23:22:34 - INF - <module> - ('Servicio Finalizado',)
23:22:37 - INF - <module> - ('API - AUTH',)
23:22:37 - INF - <module> - ('Servicio Iniciado',)
23:22:41 - INF - <module> - ('API - AUTH',)
23:22:41 - INF - <module> - ('Servicio Iniciado',)
23:22:47 - INF - post - ('Ingreso a Registrar estudiante nuevo',)
23:23:27 - INF - <module> - ('Servicio Finalizado',)
23:23:30 - INF - <module> - ('API - AUTH',)
23:23:30 - INF - <module> - ('Servicio Iniciado',)
23:23:39 - INF - <module> - ('Servicio Finalizado',)
23:23:43 - INF - <module> - ('API - AUTH',)
23:23:43 - INF - <module> - ('Servicio Iniciado',)
23:23:47 - INF - post - ('Ingreso a Registrar estudiante nuevo',)
23:24:04 - INF - <module> - ('Servicio Finalizado',)
23:24:06 - INF - <module> - ('API - AUTH',)
23:24:06 - INF - <module> - ('Servicio Iniciado',)
23:24:09 - INF - <module> - ('Servicio Finalizado',)
23:24:11 - INF - <module> - ('API - AUTH',)
23:24:11 - INF - <module> - ('Servicio Iniciado',)
23:24:12 - INF - post - ('Ingreso a Registrar estudiante nuevo',)
23:24:28 - INF - <module> - ('Servicio Finalizado',)
23:24:30 - INF - <module> - ('API - AUTH',)
23:24:30 - INF - <module> - ('Servicio Iniciado',)
23:24:32 - INF - post - ('Ingreso a Registrar estudiante nuevo',)
23:25:58 - INF - <module> - ('Servicio Finalizado',)
23:25:58 - INF - <module> - ('Servicio Finalizado',)
23:26:20 - INF - <module> - ('API - AUTH',)
23:26:20 - INF - <module> - ('Servicio Iniciado',)
23:26:23 - INF - <module> - ('API - AUTH',)
23:26:23 - INF - <module> - ('Servicio Iniciado',)
23:26:26 - INF - <module> - ('Servicio Finalizado',)
23:26:28 - INF - <module> - ('API - AUTH',)
23:26:28 - INF - <module> - ('Servicio Iniciado',)
23:26:31 - INF - post - ('Ingreso a Registrar estudiante nuevo',)
23:27:21 - INF - <module> - ('Servicio Finalizado',)
23:27:21 - INF - <module> - ('Servicio Finalizado',)
23:28:08 - INF - <module> - ('API - AUTH',)
23:28:08 - INF - <module> - ('Servicio Iniciado',)
23:28:10 - INF - <module> - ('API - AUTH',)
23:28:10 - INF - <module> - ('Servicio Iniciado',)
23:28:13 - INF - post - ('Ingreso a Registrar estudiante nuevo',)
23:28:32 - INF - <module> - ('Servicio Finalizado',)
23:28:35 - INF - <module> - ('Servicio Finalizado',)
23:30:49 - INF - <module> - ('API - AUTH',)
23:30:49 - INF - <module> - ('Servicio Iniciado',)
23:30:50 - INF - <module> - ('API - AUTH',)
23:30:50 - INF - <module> - ('Servicio Iniciado',)
23:30:53 - INF - post - ('Ingreso a Registrar estudiante nuevo',)
23:30:53 - INF - validar - ('Cedula validada [tiene cupo aceptado en la Senescy]',)
23:31:12 - INF - <module> - ('Servicio Finalizado',)
23:31:15 - INF - <module> - ('API - AUTH',)
23:31:15 - INF - <module> - ('Servicio Iniciado',)
23:31:16 - INF - post - ('Ingreso a Registrar estudiante nuevo',)
23:31:16 - INF - validar - ('Cedula validada [tiene cupo aceptado en la Senescy]',)
23:32:20 - INF - <module> - ('Servicio Finalizado',)
23:32:22 - INF - <module> - ('API - AUTH',)
23:32:22 - INF - <module> - ('Servicio Iniciado',)
23:32:26 - INF - post - ('Ingreso a Registrar estudiante nuevo',)
23:32:26 - INF - validar - ('Cedula validada [tiene cupo aceptado en la Senescy]',)
23:33:10 - INF - <module> - ('Servicio Finalizado',)
23:33:11 - INF - <module> - ('Servicio Finalizado',)
23:36:00 - INF - <module> - ('API - AUTH',)
23:36:00 - INF - <module> - ('Servicio Iniciado',)
23:36:02 - INF - <module> - ('API - AUTH',)
23:36:02 - INF - <module> - ('Servicio Iniciado',)
23:36:04 - INF - post - ('Ingreso a Registrar estudiante nuevo',)
23:36:04 - INF - validar - ('Cedula validada [tiene cupo aceptado en la Senescy]',)
23:36:20 - INF - <module> - ('Servicio Finalizado',)
23:36:20 - INF - <module> - ('Servicio Finalizado',)
23:38:22 - INF - <module> - ('API - AUTH',)
23:38:22 - INF - <module> - ('Servicio Iniciado',)
23:38:23 - INF - <module> - ('API - AUTH',)
23:38:23 - INF - <module> - ('Servicio Iniciado',)
23:38:27 - INF - post - ('Ingreso a Registrar estudiante nuevo',)
23:38:27 - INF - validar - ('Cedula validada [tiene cupo aceptado en la Senescy]',)
23:40:31 - INF - <module> - ('Servicio Finalizado',)
23:40:33 - INF - <module> - ('API - AUTH',)
23:40:33 - INF - <module> - ('Servicio Iniciado',)
23:40:36 - INF - post - ('Ingreso a Registrar estudiante nuevo',)
23:40:36 - INF - validar - ('Cedula validada [tiene cupo aceptado en la Senescy]',)
23:40:46 - INF - <module> - ('Servicio Finalizado',)
23:40:50 - INF - <module> - ('Servicio Finalizado',)
23:43:55 - INF - <module> - ('API - AUTH',)
23:43:55 - INF - <module> - ('Servicio Iniciado',)
23:43:58 - INF - <module> - ('API - AUTH',)
23:43:58 - INF - <module> - ('Servicio Iniciado',)
23:43:58 - INF - post - ('Ingreso a Registrar estudiante nuevo',)
23:43:59 - INF - validar - ('Cedula validada [tiene cupo aceptado en la Senescy]',)
23:44:45 - INF - <module> - ('Servicio Finalizado',)
23:44:46 - INF - <module> - ('Servicio Finalizado',)
23:47:05 - INF - <module> - ('API - AUTH',)
23:47:05 - INF - <module> - ('Servicio Iniciado',)
23:47:07 - INF - <module> - ('API - AUTH',)
23:47:07 - INF - <module> - ('Servicio Iniciado',)
23:47:20 - INF - post - ('Ingreso a Registrar estudiante nuevo',)
23:47:21 - INF - validar - ('Cedula validada [tiene cupo aceptado en la Senescy]',)
23:47:50 - INF - <module> - ('Servicio Finalizado',)
23:47:53 - INF - <module> - ('API - AUTH',)
23:47:53 - INF - <module> - ('Servicio Iniciado',)
23:47:56 - INF - post - ('Ingreso a Registrar estudiante nuevo',)
23:47:56 - INF - validar - ('Cedula validada [tiene cupo aceptado en la Senescy]',)
23:48:11 - INF - <module> - ('Servicio Finalizado',)
23:48:12 - INF - <module> - ('API - AUTH',)
23:48:12 - INF - <module> - ('Servicio Iniciado',)
23:48:17 - INF - post - ('Ingreso a Registrar estudiante nuevo',)
23:48:17 - INF - validar - ('Cedula validada [tiene cupo aceptado en la Senescy]',)
23:48:27 - INF - <module> - ('Servicio Finalizado',)
23:48:29 - INF - <module> - ('API - AUTH',)
23:48:29 - INF - <module> - ('Servicio Iniciado',)
23:48:31 - INF - <module> - ('Servicio Finalizado',)
23:48:31 - INF - <module> - ('Servicio Finalizado',)
23:49:56 - INF - <module> - ('API - AUTH',)
23:49:56 - INF - <module> - ('Servicio Iniciado',)
23:49:57 - INF - <module> - ('API - AUTH',)
23:49:57 - INF - <module> - ('Servicio Iniciado',)
23:50:00 - INF - post - ('Ingreso a Registrar estudiante nuevo',)
23:50:00 - INF - validar - ('Cedula validada [tiene cupo aceptado en la Senescy]',)
23:50:50 - INF - <module> - ('Servicio Finalizado',)
23:50:50 - INF - <module> - ('Servicio Finalizado',)
23:51:39 - INF - <module> - ('API - AUTH',)
23:51:39 - INF - <module> - ('Servicio Iniciado',)
23:51:41 - INF - <module> - ('API - AUTH',)
23:51:41 - INF - <module> - ('Servicio Iniciado',)
23:51:44 - INF - post - ('Ingreso a Registrar estudiante nuevo',)
23:51:44 - INF - validar - ('Cedula validada [tiene cupo aceptado en la Senescy]',)
23:52:03 - INF - post - ('Ingreso a Registrar estudiante nuevo',)
23:52:03 - INF - validar - ('Cedula validada [tiene cupo aceptado en la Senescy]',)
23:52:08 - INF - post - ('Ingreso a Registrar estudiante nuevo',)
23:52:09 - INF - validar - ('Cedula validada [tiene cupo aceptado en la Senescy]',)
23:52:30 - INF - <module> - ('Servicio Finalizado',)
23:52:31 - INF - <module> - ('Servicio Finalizado',)
23:53:21 - INF - <module> - ('API - AUTH',)
23:53:21 - INF - <module> - ('Servicio Iniciado',)
23:53:24 - INF - <module> - ('API - AUTH',)
23:53:24 - INF - <module> - ('Servicio Iniciado',)
23:53:26 - INF - post - ('Ingreso a Registrar estudiante nuevo',)
23:53:26 - INF - validar - ('Cedula validada [tiene cupo aceptado en la Senescy]',)
23:54:56 - INF - <module> - ('Servicio Finalizado',)
23:54:58 - INF - <module> - ('API - AUTH',)
23:54:59 - INF - <module> - ('Servicio Iniciado',)
23:55:00 - INF - post - ('Ingreso a Registrar estudiante nuevo',)
23:55:00 - INF - validar - ('Cedula validada [tiene cupo aceptado en la Senescy]',)
23:55:16 - INF - post - ('Ingreso a Registrar estudiante nuevo',)
23:55:21 - INF - <module> - ('Servicio Finalizado',)
23:55:21 - INF - <module> - ('Servicio Finalizado',)
23:55:24 - INF - <module> - ('API - AUTH',)
23:55:24 - INF - <module> - ('Servicio Iniciado',)
23:55:26 - INF - <module> - ('API - AUTH',)
23:55:26 - INF - <module> - ('Servicio Iniciado',)
23:55:28 - INF - post - ('Ingreso a Registrar estudiante nuevo',)
23:55:44 - INF - post - ('Ingreso a Registrar estudiante nuevo',)
23:55:45 - INF - validar - ('Cedula validada [tiene cupo aceptado en la Senescy]',)
23:56:08 - INF - <module> - ('Servicio Finalizado',)
23:56:10 - INF - <module> - ('API - AUTH',)
23:56:10 - INF - <module> - ('Servicio Iniciado',)
23:56:13 - INF - <module> - ('Servicio Finalizado',)
23:56:13 - INF - <module> - ('Servicio Finalizado',)
23:56:16 - INF - <module> - ('API - AUTH',)
23:56:16 - INF - <module> - ('Servicio Iniciado',)
23:56:17 - INF - <module> - ('API - AUTH',)
23:56:17 - INF - <module> - ('Servicio Iniciado',)
23:56:23 - INF - post - ('Ingreso a Registrar estudiante nuevo',)
23:56:23 - INF - validar - ('Cedula validada [tiene cupo aceptado en la Senescy]',)
23:56:42 - INF - <module> - ('Servicio Finalizado',)
23:56:44 - INF - <module> - ('API - AUTH',)
23:56:44 - INF - <module> - ('Servicio Iniciado',)
23:56:45 - INF - <module> - ('Servicio Finalizado',)
23:56:46 - INF - <module> - ('Servicio Finalizado',)
23:57:18 - INF - <module> - ('API - AUTH',)
23:57:18 - INF - <module> - ('Servicio Iniciado',)
23:57:20 - INF - <module> - ('API - AUTH',)
23:57:20 - INF - <module> - ('Servicio Iniciado',)
23:57:23 - INF - post - ('Ingreso a Registrar estudiante nuevo',)
23:57:23 - INF - validar - ('Cedula validada [tiene cupo aceptado en la Senescy]',)
23:57:44 - INF - <module> - ('Servicio Finalizado',)
23:57:47 - INF - <module> - ('API - AUTH',)
23:57:47 - INF - <module> - ('Servicio Iniciado',)
23:57:48 - INF - post - ('Ingreso a Registrar estudiante nuevo',)
23:57:48 - INF - validar - ('Cedula validada [tiene cupo aceptado en la Senescy]',)
23:58:11 - INF - <module> - ('Servicio Finalizado',)
23:58:11 - INF - <module> - ('Servicio Finalizado',)
23:59:15 - INF - <module> - ('API - AUTH',)
23:59:15 - INF - <module> - ('Servicio Iniciado',)
23:59:16 - INF - <module> - ('API - AUTH',)
23:59:16 - INF - <module> - ('Servicio Iniciado',)
23:59:20 - INF - post - ('Ingreso a Registrar estudiante nuevo',)
23:59:20 - INF - validar - ('Cedula validada [tiene cupo aceptado en la Senescy]',)
23:59:37 - INF - post - ('Ingreso a Registrar estudiante nuevo',)
23:59:37 - INF - validar - ('Cedula validada [tiene cupo aceptado en la Senescy]',)
